# JRE version: OpenJDK Runtime Environment Temurin-17.0.3+7 (17.0.3+7) (build 17.0.3+7)
# Java VM: OpenJDK 64-Bit Server VM Temurin-17.0.3+7 (17.0.3+7, mixed mode, emulated-client, tiered, compressed oops, compressed class ptrs, g1 gc, windows-amd64)
GC Precious Log:
 CPUs: 16 total, 16 available
 Memory: 32619M
 Large Page Support: Disabled
 NUMA Support: Disabled
 Compressed Oops: Enabled (Zero based)
 Heap Region Size: 4M
 Heap Min Capacity: 8M
 Heap Initial Capacity: 512M
 Heap Max Capacity: 8156M
 Pre-touch: Disabled
 Parallel Workers: 13
 Concurrent Workers: 3
 Concurrent Refinement Workers: 13
 Periodic GC: Disabled
Heap:
 garbage-first heap   total 81920K, used 19447K [0x0000000602400000, 0x0000000800000000)
  region size 4096K, 1 young (4096K), 0 survivors (0K)
 Metaspace       used 51003K, committed 51328K, reserved 1097728K
  class space    used 6629K, committed 6784K, reserved 1048576K
GC Heap History (20 events):
Event: 317547.324 GC heap before
{Heap before GC invocations=31262 (full 31236):
 garbage-first heap   total 81920K, used 19447K [0x0000000602400000, 0x0000000800000000)
  region size 4096K, 1 young (4096K), 0 survivors (0K)
 Metaspace       used 51003K, committed 51328K, reserved 1097728K
  class space    used 6629K, committed 6784K, reserved 1048576K
}
Event: 317547.341 GC heap after
{Heap after GC invocations=31263 (full 31237):
 garbage-first heap   total 81920K, used 19447K [0x0000000602400000, 0x0000000800000000)
  region size 4096K, 0 young (0K), 0 survivors (0K)
 Metaspace       used 51003K, committed 51328K, reserved 1097728K
  class space    used 6629K, committed 6784K, reserved 1048576K
}
Event: 317557.459 GC heap before
{Heap before GC invocations=31263 (full 31237):
 garbage-first heap   total 81920K, used 19447K [0x0000000602400000, 0x0000000800000000)
  region size 4096K, 1 young (4096K), 0 survivors (0K)
 Metaspace       used 51003K, committed 51328K, reserved 1097728K
  class space    used 6629K, committed 6784K, reserved 1048576K
}
Event: 317557.476 GC heap after
{Heap after GC invocations=31264 (full 31238):
 garbage-first heap   total 81920K, used 19447K [0x0000000602400000, 0x0000000800000000)
  region size 4096K, 0 young (0K), 0 survivors (0K)
 Metaspace       used 51003K, committed 51328K, reserved 1097728K
  class space    used 6629K, committed 6784K, reserved 1048576K
}
Event: 317567.593 GC heap before
{Heap before GC invocations=31264 (full 31238):
 garbage-first heap   total 81920K, used 19447K [0x0000000602400000, 0x0000000800000000)
  region size 4096K, 1 young (4096K), 0 survivors (0K)
 Metaspace       used 51003K, committed 51328K, reserved 1097728K
  class space    used 6629K, committed 6784K, reserved 1048576K
}
Event: 317567.610 GC heap after
{Heap after GC invocations=31265 (full 31239):
 garbage-first heap   total 81920K, used 19447K [0x0000000602400000, 0x0000000800000000)
  region size 4096K, 0 young (0K), 0 survivors (0K)
 Metaspace       used 51003K, committed 51328K, reserved 1097728K
  class space    used 6629K, committed 6784K, reserved 1048576K
}
Event: 317577.739 GC heap before
{Heap before GC invocations=31265 (full 31239):
 garbage-first heap   total 81920K, used 19447K [0x0000000602400000, 0x0000000800000000)
  region size 4096K, 1 young (4096K), 0 survivors (0K)
 Metaspace       used 51003K, committed 51328K, reserved 1097728K
  class space    used 6629K, committed 6784K, reserved 1048576K
}
Event: 317577.756 GC heap after
{Heap after GC invocations=31266 (full 31240):
 garbage-first heap   total 81920K, used 19447K [0x0000000602400000, 0x0000000800000000)
  region size 4096K, 0 young (0K), 0 survivors (0K)
 Metaspace       used 51003K, committed 51328K, reserved 1097728K
  class space    used 6629K, committed 6784K, reserved 1048576K
}
Event: 317587.888 GC heap before
{Heap before GC invocations=31266 (full 31240):
 garbage-first heap   total 81920K, used 19447K [0x0000000602400000, 0x0000000800000000)
  region size 4096K, 1 young (4096K), 0 survivors (0K)
 Metaspace       used 51003K, committed 51328K, reserved 1097728K
  class space    used 6629K, committed 6784K, reserved 1048576K
}
Event: 317587.905 GC heap after
{Heap after GC invocations=31267 (full 31241):
 garbage-first heap   total 81920K, used 19447K [0x0000000602400000, 0x0000000800000000)
  region size 4096K, 0 young (0K), 0 survivors (0K)
 Metaspace       used 51003K, committed 51328K, reserved 1097728K
  class space    used 6629K, committed 6784K, reserved 1048576K
}
Event: 317598.034 GC heap before
{Heap before GC invocations=31267 (full 31241):
 garbage-first heap   total 81920K, used 19447K [0x0000000602400000, 0x0000000800000000)
  region size 4096K, 1 young (4096K), 0 survivors (0K)
 Metaspace       used 51003K, committed 51328K, reserved 1097728K
  class space    used 6629K, committed 6784K, reserved 1048576K
}
Event: 317598.051 GC heap after
{Heap after GC invocations=31268 (full 31242):
 garbage-first heap   total 81920K, used 19447K [0x0000000602400000, 0x0000000800000000)
  region size 4096K, 0 young (0K), 0 survivors (0K)
 Metaspace       used 51003K, committed 51328K, reserved 1097728K
  class space    used 6629K, committed 6784K, reserved 1048576K
}
Event: 317608.185 GC heap before
{Heap before GC invocations=31268 (full 31242):
 garbage-first heap   total 81920K, used 19447K [0x0000000602400000, 0x0000000800000000)
  region size 4096K, 1 young (4096K), 0 survivors (0K)
 Metaspace       used 51003K, committed 51328K, reserved 1097728K
  class space    used 6629K, committed 6784K, reserved 1048576K
}
Event: 317608.201 GC heap after
{Heap after GC invocations=31269 (full 31243):
 garbage-first heap   total 81920K, used 19447K [0x0000000602400000, 0x0000000800000000)
  region size 4096K, 0 young (0K), 0 survivors (0K)
 Metaspace       used 51003K, committed 51328K, reserved 1097728K
  class space    used 6629K, committed 6784K, reserved 1048576K
}
Event: 317618.326 GC heap before
{Heap before GC invocations=31269 (full 31243):
 garbage-first heap   total 81920K, used 19447K [0x0000000602400000, 0x0000000800000000)
  region size 4096K, 1 young (4096K), 0 survivors (0K)
 Metaspace       used 51003K, committed 51328K, reserved 1097728K
  class space    used 6629K, committed 6784K, reserved 1048576K
}
Event: 317618.342 GC heap after
{Heap after GC invocations=31270 (full 31244):
 garbage-first heap   total 81920K, used 19447K [0x0000000602400000, 0x0000000800000000)
  region size 4096K, 0 young (0K), 0 survivors (0K)
 Metaspace       used 51003K, committed 51328K, reserved 1097728K
  class space    used 6629K, committed 6784K, reserved 1048576K
}
Event: 317628.473 GC heap before
{Heap before GC invocations=31270 (full 31244):
 garbage-first heap   total 81920K, used 19447K [0x0000000602400000, 0x0000000800000000)
  region size 4096K, 1 young (4096K), 0 survivors (0K)
 Metaspace       used 51003K, committed 51328K, reserved 1097728K
  class space    used 6629K, committed 6784K, reserved 1048576K
}
Event: 317628.490 GC heap after
{Heap after GC invocations=31271 (full 31245):
 garbage-first heap   total 81920K, used 19447K [0x0000000602400000, 0x0000000800000000)
  region size 4096K, 0 young (0K), 0 survivors (0K)
 Metaspace       used 51003K, committed 51328K, reserved 1097728K
  class space    used 6629K, committed 6784K, reserved 1048576K
}
Event: 317638.628 GC heap before
{Heap before GC invocations=31271 (full 31245):
 garbage-first heap   total 81920K, used 19447K [0x0000000602400000, 0x0000000800000000)
  region size 4096K, 1 young (4096K), 0 survivors (0K)
 Metaspace       used 51003K, committed 51328K, reserved 1097728K
  class space    used 6629K, committed 6784K, reserved 1048576K
}
Event: 317638.645 GC heap after
{Heap after GC invocations=31272 (full 31246):
 garbage-first heap   total 81920K, used 19447K [0x0000000602400000, 0x0000000800000000)
  region size 4096K, 0 young (0K), 0 survivors (0K)
 Metaspace       used 51003K, committed 51328K, reserved 1097728K
  class space    used 6629K, committed 6784K, reserved 1048576K
}

